Discaria_trinervis
Faidherbia_albida
Mimosa_pudica
Chamaecrista_fasciculata
Arachis_monticola
Arachis_ipaensis
Arachis_duranensis
Lupinus_angustifolius
Lotus_japonicus
Glycyrrhiza_uralensis
Trifolium_pratense
Trifolium_subterranum
Medicago_truncatula
Cicer_reticulatum
Cicer_arietinum
Lablab_purpureus
Vigna_radiata
Vigna_subterranea
Vigna_angularis
Phaseolus_vulgaris
Glycine_soja
Glycine_max
Cajanus_cajan
Datisca_glomerata
Morella_rubra
Casuarina_equisetifolia
Casuarina_glauca
Alnus_glutinosa
Dryas_drummondii
Purshia_tridentata
Parasponia_andersonii
