Faidherbia_albida
Mimosa_pudica
Chamaecrista_fasciculata
Arachis_monticola
Arachis_ipaensis
Arachis_duranensis
Lupinus_angustifolius
Lotus_japonicus
Glycyrrhiza_uralensis
Trifolium_pratense
Trifolium_subterranum
Medicago_truncatula
Cicer_reticulatum
Cicer_arietinum
Lablab_purpureus
Vigna_radiata
Vigna_subterranea
Vigna_angularis
Phaseolus_vulgaris
Glycine_soja
Glycine_max
Cajanus_cajan
Datisca_glomerata
Morella_rubra
Casuarina_equisetifolia
Casuarina_glauca
Alnus_glutinosa
Dryas_drummondii
Purshia_tridentata
Parasponia_andersonii
Begonia_fuchsioides
Siraitia_grosvenorii
Momordica_charantia
Cucurbita_argyrosperma
Cucurbita_pepo
Cucurbita_moschata
Cucurbita_maxima
Lagenaria_siceraria
Cucumis_sativus
Cucumis_melo
Citrullus_lanatus
Quercus_lobata
Quercus_suber
Quercus_robur
Fagus_sylvatica
Pterocarya_stenoptera
Juglans_sigillata
Juglans_microcarpa
Juglans_hindsii
Juglans_cathayensis
Juglans_regia
Juglans_nigra
Betula_nana
Betula_pendula
Ziziphus_jujuba
Ochetophila_trinervis
Boehmeria_nivea
Dryas_octopetala
Prunus_mume
Prunus_avium
Prunus_persica
Prunus_yedoensis
Pyrus_x_bretschneideri
Pyrus_communis
Malus_domestica
Rubus_occidentalis
Rosa_chinensis
Rosa_multiflora
Potentilla_micrantha
Fragaria_vesca
Fragaria_x_ananassa
Morus_notabilis
Artocarpus_camansi
Ficus_carica
Trema_orientale
Humulus_lupulus
Cannabis_sativa
Cercis_canadensis
Nissolia_schottii
Ammopiptanthus_nanus
